#-----------------------------------------------------------
# Vivado v2019.2 (64-bit)
# SW Build 2708876 on Wed Nov  6 21:40:23 MST 2019
# IP Build 2700528 on Thu Nov  7 00:09:20 MST 2019
# Start of session at: Sun Aug 22 20:26:36 2021
# Process ID: 14916
# Current directory: C:/Users/seanj/Documents/New folder/Kent_0
# Command line: vivado.exe -gui_launcher_event rodinguilauncherevent22696 C:\Users\seanj\Documents\New folder\Kent_0\Kent_0.xpr
# Log file: C:/Users/seanj/Documents/New folder/Kent_0/vivado.log
# Journal file: C:/Users/seanj/Documents/New folder/Kent_0\vivado.jou
#-----------------------------------------------------------
start_gui
open_project {C:/Users/seanj/Documents/New folder/Kent_0/Kent_0.xpr}
Scanning sources...
Finished scanning sources
INFO: [IP_Flow 19-234] Refreshing IP repositories
INFO: [IP_Flow 19-1704] No user IP repositories specified
INFO: [IP_Flow 19-2313] Loaded Vivado IP repository 'C:/Xilinx/Vivado/2019.2/data/ip'.
update_compile_order -fileset sources_1
exit
INFO: [Common 17-206] Exiting Vivado at Sun Aug 22 20:26:54 2021...
